24.06.2016 07:58 smecke:	Anwendung wurde manuell beendet
24.06.2016 08:00 smecke:	Anwendung wurde manuell beendet
24.06.2016 08:00 smecke:	Anwendung wurde manuell beendet
24.06.2016 08:06 smecke:	Anwendung wurde manuell beendet
24.06.2016 08:12 smecke:	Das Paket [ACAD_Mech_2012_DESY_en] wurde für den Rechner zitpcx22535 gelöscht
24.06.2016 08:12 smecke:	Das Paket [ACAD_Mech_2012_DESY_en] wurde für den Rechner zitpcx22535 gelöscht
24.06.2016 08:12 smecke:	Das Paket ACAD_Mech_2012_DESY_en wurde für den Rechner zitpcx22535 freigeschaltet
24.06.2016 08:13 smecke:	Anwendung wurde manuell beendet
24.06.2016 08:13 smecke:	Das Paket ACAD_Mech_2012_DESY_de wurde für den Rechner zitpcx22535 freigeschaltet
24.06.2016 08:14 smecke:	Anwendung wurde manuell beendet
24.06.2016 08:14 smecke:	Anwendung wurde manuell beendet
24.06.2016 08:16 smecke:	Das Paket ACAD_Mech_2012_DESY_de wurde für den Rechner zitpcx22535 freigeschaltet
24.06.2016 08:16 smecke:	Das Paket ACAD_Mech_2012_CADBAS_de wurde für den Rechner zitpcx22535 freigeschaltet
24.06.2016 08:17 smecke:	Das Paket ACAD_Mech_2012_CADBAS_tst_de wurde für den Rechner zitpcx22535 freigeschaltet
24.06.2016 08:17 smecke:	Das Paket ACAD_Mech_2012_DESY_en wurde für den Rechner zitpcx22535 freigeschaltet
24.06.2016 08:17 smecke:	Das Paket [ACAD_Mech_2012_DESY_de] wurde für den Rechner zitpcx22535 gelöscht
24.06.2016 08:17 smecke:	Das Paket [ACAD_Mech_2012_DESY_en] wurde für den Rechner zitpcx22535 gelöscht
24.06.2016 08:17 smecke:	Das Paket [ACAD_Mech_2012_CADBAS_tst_de] wurde für den Rechner zitpcx22535 gelöscht
24.06.2016 08:17 smecke:	Das Paket [ACAD_Mech_2012_CADBAS_de] wurde für den Rechner zitpcx22535 gelöscht
24.06.2016 08:18 smecke:	Anwendung wurde manuell beendet
24.06.2016 08:20 smecke:	Das Paket ACAD_Mech_2012_DESY_de wurde für den Rechner zitpcx22535 freigeschaltet
24.06.2016 08:20 smecke:	Das Paket ACAD_Mech_2012_CADBAS_de wurde für den Rechner zitpcx22535 freigeschaltet
24.06.2016 08:20 smecke:	Das Paket ACAD_Mech_2012_CADBAS_tst_de wurde für den Rechner zitpcx22535 freigeschaltet
24.06.2016 08:20 smecke:	Das Paket ACAD_Mech_2012_DESY_en wurde für den Rechner zitpcx22535 freigeschaltet
24.06.2016 08:23 smecke:	Das Paket [ACAD_Mech_2012_DESY_en] wurde für den Rechner zitpcx22535 wurde auf den Rechner zitpcx22536 übertragen und der alte Eintrag auskommentiert
24.06.2016 08:23 smecke:	Das Paket ACAD_Mech_2012_DESY_en wurde für den Rechner zitpcx22535 freigeschaltet
24.06.2016 08:23 smecke:	Das Paket [ACAD_Mech_2012_DESY_en] wurde für den Rechner zitpcx22535 gelöscht
24.06.2016 08:24 smecke:	Das Paket [ACAD_Mech_2012_DESY_en] wurde für den Rechner zitpcx22535 gelöscht
24.06.2016 08:24 smecke:	Anwendung wurde manuell beendet
24.06.2016 08:25 smecke:	Das Paket ACAD_Mech_2012_DESY_en wurde für den Rechner zitpcx22535 freigeschaltet
24.06.2016 08:25 smecke:	Das Paket [ACAD_Mech_2012_DESY_en] wurde für den Rechner zitpcx22535 gelöscht
24.06.2016 08:25 smecke:	Das Paket ACAD_Mech_2012_DESY_en wurde für den Rechner zitpcx22535 freigeschaltet
24.06.2016 08:26 smecke:	Anwendung wurde manuell beendet
24.06.2016 08:32 smecke:	Anwendung wurde manuell beendet
24.06.2016 08:38 smecke:	Anwendung wurde manuell beendet
24.06.2016 09:18 smecke:	Anwendung wurde manuell beendet
24.06.2016 09:18 smecke:	Anwendung wurde manuell beendet
24.06.2016 09:20 smecke:	Anwendung wurde manuell beendet
24.06.2016 09:20 smecke:	Anwendung wurde manuell beendet
24.06.2016 09:22 smecke:	Anwendung wurde manuell beendet
24.06.2016 09:25 smecke:	Anwendung wurde manuell beendet
24.06.2016 09:26 smecke:	Anwendung wurde manuell beendet
24.06.2016 09:27 smecke:	Anwendung wurde manuell beendet
24.06.2016 11:21 smecke:	Anwendung wurde manuell beendet
24.06.2016 13:16 smecke:	Anwendung wurde manuell beendet
24.06.2016 13:17 smecke:	Anwendung wurde manuell beendet
24.06.2016 13:18 smecke:	Anwendung wurde manuell beendet
24.06.2016 13:26 smecke:	Anwendung wurde manuell beendet
24.06.2016 13:28 smecke:	Anwendung wurde manuell beendet
24.06.2016 13:32 smecke:	Anwendung wurde manuell beendet
24.06.2016 13:32 smecke:	Anwendung wurde manuell beendet
24.06.2016 13:33 smecke:	Anwendung wurde manuell beendet
24.06.2016 13:34 smecke:	Anwendung wurde manuell beendet
24.06.2016 13:34 smecke:	Anwendung wurde manuell beendet
24.06.2016 13:34 smecke:	Anwendung wurde manuell beendet
24.06.2016 13:36 smecke:	Anwendung wurde manuell beendet
24.06.2016 13:36 smecke:	Anwendung wurde manuell beendet
24.06.2016 13:38 smecke:	Anwendung wurde manuell beendet
24.06.2016 13:39 smecke:	Anwendung wurde manuell beendet
24.06.2016 13:50 smecke:	Anwendung wurde manuell beendet
24.06.2016 13:53 smecke:	Anwendung wurde manuell beendet
24.06.2016 13:56 smecke:	Anwendung wurde manuell beendet
24.06.2016 14:21 smecke:	Anwendung wurde manuell beendet
24.06.2016 14:22 smecke:	Anwendung wurde manuell beendet
24.06.2016 14:27 smecke:	Anwendung wurde manuell beendet
24.06.2016 14:27 smecke:	Anwendung wurde manuell beendet
24.06.2016 14:28 smecke:	Anwendung wurde manuell beendet
24.06.2016 14:39 smecke:	Anwendung wurde manuell beendet
24.06.2016 14:40 smecke:	Anwendung wurde manuell beendet
24.06.2016 14:40 smecke:	Anwendung wurde manuell beendet
24.06.2016 14:40 smecke:	Anwendung wurde manuell beendet
24.06.2016 14:42 smecke:	Anwendung wurde manuell beendet
24.06.2016 14:42 smecke:	Anwendung wurde manuell beendet
24.06.2016 14:42 smecke:	Anwendung wurde manuell beendet
24.06.2016 14:42 smecke:	Anwendung wurde manuell beendet
24.06.2016 14:43 smecke:	Anwendung wurde manuell beendet
24.06.2016 14:43 smecke:	Anwendung wurde manuell beendet
27.06.2016 09:14 smecke:	Anwendung wurde manuell beendet
27.06.2016 09:15 smecke:	Anwendung wurde manuell beendet
27.06.2016 09:15 smecke:	Anwendung wurde manuell beendet
27.06.2016 09:16 smecke:	Anwendung wurde manuell beendet
27.06.2016 09:17 smecke:	Anwendung wurde manuell beendet
27.06.2016 09:19 smecke:	Anwendung wurde manuell beendet
27.06.2016 09:20 smecke:	Anwendung wurde manuell beendet
27.06.2016 09:24 smecke:	Anwendung wurde manuell beendet
27.06.2016 09:26 smecke:	Anwendung wurde manuell beendet
27.06.2016 09:26 smecke:	Anwendung wurde manuell beendet
27.06.2016 09:29 smecke:	Anwendung wurde manuell beendet
27.06.2016 09:30 smecke:	Anwendung wurde manuell beendet
27.06.2016 09:32 smecke:	Anwendung wurde manuell beendet
27.06.2016 09:33 smecke:	Anwendung wurde manuell beendet
27.06.2016 09:34 smecke:	Anwendung wurde manuell beendet
27.06.2016 09:34 smecke:	Anwendung wurde manuell beendet
27.06.2016 09:36 smecke:	Anwendung wurde manuell beendet
27.06.2016 09:37 smecke:	Anwendung wurde manuell beendet
27.06.2016 09:39 smecke:	Anwendung wurde manuell beendet
27.06.2016 09:40 smecke:	Anwendung wurde manuell beendet
27.06.2016 09:40 smecke:	Anwendung wurde manuell beendet
27.06.2016 09:41 smecke:	Anwendung wurde manuell beendet
27.06.2016 09:47 smecke:	Anwendung wurde manuell beendet
27.06.2016 09:51 smecke:	Anwendung wurde manuell beendet
27.06.2016 09:52 smecke:	Anwendung wurde manuell beendet
27.06.2016 09:52 smecke:	Anwendung wurde manuell beendet
27.06.2016 09:54 smecke:	Das Paket ACAD_Mech_2012_DESY_en wurde für den Rechner zitpcx22535 freigeschaltet
27.06.2016 09:54 smecke:	Anwendung wurde manuell beendet
27.06.2016 09:56 smecke:	Anwendung wurde manuell beendet
27.06.2016 09:57 smecke:	Anwendung wurde manuell beendet
27.06.2016 10:00 smecke:	Anwendung wurde manuell beendet
27.06.2016 10:01 smecke:	Anwendung wurde manuell beendet
27.06.2016 10:07 smecke:	Anwendung wurde manuell beendet
27.06.2016 10:08 smecke:	Anwendung wurde manuell beendet
27.06.2016 10:19 smecke:	Anwendung wurde manuell beendet
27.06.2016 10:19 smecke:	Anwendung wurde manuell beendet
27.06.2016 10:26 smecke:	Anwendung wurde manuell beendet
27.06.2016 10:34 smecke:	Anwendung wurde manuell beendet
27.06.2016 10:38 smecke:	Anwendung wurde manuell beendet
27.06.2016 10:38 smecke:	Anwendung wurde manuell beendet
27.06.2016 10:38 smecke:	Anwendung wurde manuell beendet
27.06.2016 10:39 smecke:	Anwendung wurde manuell beendet
27.06.2016 10:39 smecke:	Anwendung wurde manuell beendet
27.06.2016 10:40 smecke:	Anwendung wurde manuell beendet
27.06.2016 10:42 smecke:	Anwendung wurde manuell beendet
27.06.2016 10:43 smecke:	Anwendung wurde manuell beendet
27.06.2016 10:51 smecke:	Anwendung wurde manuell beendet
27.06.2016 10:51 smecke:	Anwendung wurde manuell beendet
27.06.2016 10:53 smecke:	Anwendung wurde manuell beendet
27.06.2016 10:55 smecke:	Anwendung wurde manuell beendet
27.06.2016 10:55 smecke:	Anwendung wurde manuell beendet
27.06.2016 11:17 smecke:	Anwendung wurde manuell beendet
27.06.2016 11:17 smecke:	Anwendung wurde manuell beendet
27.06.2016 11:17 smecke:	Anwendung wurde manuell beendet
27.06.2016 11:18 smecke:	Anwendung wurde manuell beendet
27.06.2016 11:25 smecke:	Das Paket [ACAD_Mech_2012_DESY_de] wurde für den Rechner zitpcx22535 gelöscht
27.06.2016 11:44 smecke:	Anwendung wurde aufgrund des überschreiten der Bearbeitungsdauer beendet
27.06.2016 12:40 smecke:	Anwendung wurde aufgrund des überschreiten der Bearbeitungsdauer beendet
27.06.2016 12:50 smecke:	Das Paket [ACAD_Mech_2012_CADBAS_tst_de] wurde für den Rechner zitpcx22535 gelöscht
27.06.2016 12:59 smecke:	Anwendung wurde manuell beendet
27.06.2016 12:59 smecke:	Anwendung wurde manuell beendet
27.06.2016 13:00 smecke:	Anwendung wurde manuell beendet
27.06.2016 13:01 smecke:	Anwendung wurde manuell beendet
27.06.2016 13:02 smecke:	Anwendung wurde manuell beendet
27.06.2016 13:04 smecke:	Anwendung wurde manuell beendet
27.06.2016 13:05 smecke:	Anwendung wurde manuell beendet
27.06.2016 13:06 smecke:	Anwendung wurde manuell beendet
27.06.2016 13:23 smecke:	Anwendung wurde manuell beendet
27.06.2016 13:23 smecke:	Anwendung wurde manuell beendet
27.06.2016 13:23 smecke:	Anwendung wurde manuell beendet
27.06.2016 13:25 smecke:	Das Paket ACAD_Mech_2012_DESY_de wurde für den Rechner zitpcx22535 freigeschaltet
27.06.2016 13:26 smecke:	Das Paket ACAD_Mech_2012_CADBAS_tst_de wurde für den Rechner zitpcx22535 freigeschaltet
27.06.2016 13:26 smecke:	Das Paket [ACAD_Mech_2012_DESY_de] wurde für den Rechner zitpcx22535 wurde auf den Rechner zitpcx22536 übertragen und der alte Eintrag auskommentiert
27.06.2016 13:26 smecke:	Das Paket [ACAD_Mech_2012_DESY_de] wurde für den Rechner zitpcx22536 gelöscht
27.06.2016 13:27 smecke:	Anwendung wurde manuell beendet
27.06.2016 13:38 smecke:	Anwendung wurde manuell beendet
27.06.2016 13:39 smecke:	Anwendung wurde manuell beendet
27.06.2016 13:42 smecke:	Anwendung wurde manuell beendet
27.06.2016 13:42 smecke:	Anwendung wurde manuell beendet
27.06.2016 13:42 smecke:	Anwendung wurde manuell beendet
27.06.2016 13:58 smecke:	Anwendung wurde manuell beendet
27.06.2016 13:59 smecke:	Anwendung wurde manuell beendet
27.06.2016 14:05 smecke:	Anwendung wurde manuell beendet
27.06.2016 14:07 smecke:	Anwendung wurde manuell beendet
27.06.2016 14:08 smecke:	Anwendung wurde manuell beendet
27.06.2016 14:09 smecke:	Das Paket [ACAD_Mech_2012_CADBAS_tst_de] wurde für den Rechner zitpcx22535 gelöscht
27.06.2016 14:09 smecke:	Das Paket [ACAD_Mech_2012_CADBAS_de] wurde für den Rechner zitpcx22535 gelöscht
27.06.2016 14:09 smecke:	Das Paket [ACAD_Mech_2012_DESY_en] wurde für den Rechner zitpcx22535 gelöscht
27.06.2016 14:09 smecke:	Das Paket AMS_AssetCenter_5.01 wurde für den Rechner zitpcx22535 freigeschaltet
27.06.2016 14:10 smecke:	Das Paket AdressPLUS wurde für den Rechner zitpcx22535 freigeschaltet
27.06.2016 14:10 smecke:	Das Paket Cisco IP Communicator 2.0.1.1 (de) wurde für den Rechner zitpcx22535 freigeschaltet
27.06.2016 14:10 smecke:	Das Paket E3.series (de) wurde für den Rechner zitpcx22535 freigeschaltet
27.06.2016 14:10 smecke:	Das Paket ACAD_Mech_2012_CADBAS_de wurde für den Rechner zitpcx22535 freigeschaltet
27.06.2016 14:10 smecke:	Das Paket ACAD_Mech_2012_CADBAS_tst_de wurde für den Rechner zitpcx22535 freigeschaltet
27.06.2016 14:10 smecke:	Das Paket ACAD_Mech_2012_DESY_de wurde für den Rechner zitpcx22535 freigeschaltet
27.06.2016 14:10 smecke:	Das Paket ACAD_Mech_2012_DESY_en wurde für den Rechner zitpcx22535 freigeschaltet
27.06.2016 14:10 smecke:	Das Paket BauCADBauwesen wurde für den Rechner zitpcx22535 freigeschaltet
27.06.2016 14:10 smecke:	Das Paket BauCADIT wurde für den Rechner zitpcx22535 freigeschaltet
27.06.2016 14:11 smecke:	Anwendung wurde manuell beendet
27.06.2016 14:13 smecke:	Anwendung wurde manuell beendet
27.06.2016 14:14 smecke:	Anwendung wurde manuell beendet
27.06.2016 14:14 smecke:	Anwendung wurde manuell beendet
27.06.2016 14:15 smecke:	Anwendung wurde manuell beendet
27.06.2016 14:15 smecke:	Anwendung wurde manuell beendet
27.06.2016 14:28 smecke:	Anwendung wurde manuell beendet
27.06.2016 14:30 smecke:	Anwendung wurde manuell beendet
27.06.2016 14:36 smecke:	Anwendung wurde manuell beendet
27.06.2016 14:59 smecke:	Anwendung wurde aufgrund des überschreiten der Bearbeitungsdauer beendet
27.06.2016 15:32 smecke:	Anwendung wurde manuell beendet
28.06.2016 08:16 smecke:	Das Paket [AMS_AssetCenter_5.01] wurde für den Rechner zitpcx22535 gelöscht
28.06.2016 08:16 smecke:	Das Paket AMS_AssetCenter_5.01 wurde für den Rechner zitpcx22535 freigeschaltet
28.06.2016 08:16 smecke:	Anwendung wurde manuell beendet
28.06.2016 09:00 smecke:	Anwendung wurde manuell beendet
28.06.2016 09:00 smecke:	Anwendung wurde manuell beendet
28.06.2016 09:26 smecke:	Anwendung wurde manuell beendet
28.06.2016 09:26 smecke:	Anwendung wurde manuell beendet
28.06.2016 09:26 smecke:	Anwendung wurde manuell beendet
28.06.2016 09:35 smecke:	Anwendung wurde manuell beendet
28.06.2016 09:36 smecke:	Anwendung wurde manuell beendet
28.06.2016 09:36 smecke:	Anwendung wurde manuell beendet
28.06.2016 09:36 smecke:	Anwendung wurde manuell beendet
28.06.2016 09:36 smecke:	Anwendung wurde manuell beendet
28.06.2016 09:37 smecke:	Anwendung wurde manuell beendet
28.06.2016 09:37 smecke:	Anwendung wurde manuell beendet
28.06.2016 09:38 smecke:	Anwendung wurde manuell beendet
28.06.2016 09:39 smecke:	Anwendung wurde manuell beendet
28.06.2016 09:49 smecke:	Anwendung wurde manuell beendet
28.06.2016 09:49 smecke:	Anwendung wurde manuell beendet
28.06.2016 09:50 smecke:	Anwendung wurde manuell beendet
28.06.2016 10:07 smecke:	Anwendung wurde manuell beendet
28.06.2016 10:08 smecke:	Anwendung wurde manuell beendet
28.06.2016 10:08 smecke:	Anwendung wurde manuell beendet
28.06.2016 10:09 smecke:	Anwendung wurde manuell beendet
28.06.2016 10:10 smecke:	Anwendung wurde manuell beendet
28.06.2016 10:10 smecke:	Anwendung wurde manuell beendet
28.06.2016 10:10 smecke:	Anwendung wurde manuell beendet
28.06.2016 10:11 smecke:	Anwendung wurde manuell beendet
28.06.2016 10:11 smecke:	Anwendung wurde manuell beendet
28.06.2016 10:11 smecke:	Anwendung wurde manuell beendet
28.06.2016 10:14 smecke:	Anwendung wurde manuell beendet
28.06.2016 10:15 smecke:	Anwendung wurde manuell beendet
28.06.2016 10:15 smecke:	Anwendung wurde manuell beendet
28.06.2016 10:17 smecke:	Anwendung wurde manuell beendet
28.06.2016 10:17 smecke:	Anwendung wurde manuell beendet
28.06.2016 10:17 smecke:	Anwendung wurde manuell beendet
28.06.2016 10:20 smecke:	Anwendung wurde manuell beendet
28.06.2016 10:25 smecke:	Anwendung wurde manuell beendet
28.06.2016 10:25 smecke:	Anwendung wurde manuell beendet
28.06.2016 10:30 smecke:	Anwendung wurde manuell beendet
28.06.2016 10:31 smecke:	Anwendung wurde manuell beendet
28.06.2016 10:31 smecke:	Anwendung wurde manuell beendet
28.06.2016 10:31 smecke:	Anwendung wurde manuell beendet
28.06.2016 10:31 smecke:	Anwendung wurde manuell beendet
28.06.2016 10:32 smecke:	Anwendung wurde aufgrund des überschreiten der Bearbeitungsdauer beendet
28.06.2016 10:32 smecke:	Anwendung wurde manuell beendet
28.06.2016 10:34 smecke:	Anwendung wurde manuell beendet
28.06.2016 10:34 smecke:	Anwendung wurde manuell beendet
28.06.2016 10:46 smecke:	Anwendung wurde manuell beendet
28.06.2016 10:46 smecke:	Anwendung wurde manuell beendet
28.06.2016 10:46 smecke:	Anwendung wurde manuell beendet
28.06.2016 10:50 smecke:	Anwendung wurde manuell beendet
28.06.2016 11:02 smecke:	Anwendung wurde manuell beendet
28.06.2016 11:02 smecke:	Anwendung wurde manuell beendet
28.06.2016 11:20 smecke:	Anwendung wurde aufgrund des überschreiten der Bearbeitungsdauer beendet
28.06.2016 11:37 smecke:	Anwendung wurde aufgrund des überschreiten der Bearbeitungsdauer beendet
28.06.2016 12:44 smecke:	Anwendung wurde manuell beendet
28.06.2016 12:55 smecke:	Anwendung wurde manuell beendet
29.06.2016 08:09 smecke:	Anwendung wurde manuell beendet
29.06.2016 08:09 smecke:	Anwendung wurde manuell beendet
29.06.2016 08:14 smecke:	Anwendung wurde manuell beendet
30.06.2016 09:47 smecke:	Anwendung wurde manuell beendet
30.06.2016 09:47 smecke:	Anwendung wurde manuell beendet
30.06.2016 09:49 smecke:	Anwendung wurde manuell beendet
30.06.2016 09:49 smecke:	Anwendung wurde manuell beendet
30.06.2016 09:56 smecke:	Anwendung wurde manuell beendet
30.06.2016 09:57 smecke:	Anwendung wurde manuell beendet
30.06.2016 09:58 smecke:	Anwendung wurde manuell beendet
30.06.2016 09:58 smecke:	Anwendung wurde manuell beendet
30.06.2016 09:58 smecke:	Anwendung wurde manuell beendet
30.06.2016 10:00 smecke:	Anwendung wurde manuell beendet
30.06.2016 10:00 smecke:	Anwendung wurde manuell beendet
30.06.2016 10:02 smecke:	Anwendung wurde manuell beendet
30.06.2016 10:02 smecke:	Anwendung wurde manuell beendet
30.06.2016 10:03 smecke:	Anwendung wurde manuell beendet
30.06.2016 10:03 smecke:	Anwendung wurde manuell beendet
30.06.2016 10:04 smecke:	Anwendung wurde manuell beendet
30.06.2016 10:04 smecke:	Anwendung wurde manuell beendet
30.06.2016 10:05 smecke:	Anwendung wurde manuell beendet
30.06.2016 10:06 smecke:	Anwendung wurde manuell beendet
30.06.2016 10:07 smecke:	Anwendung wurde manuell beendet
30.06.2016 10:08 smecke:	Anwendung wurde manuell beendet
30.06.2016 10:09 smecke:	Anwendung wurde manuell beendet
30.06.2016 10:12 smecke:	Anwendung wurde manuell beendet
30.06.2016 10:20 smecke:	Anwendung wurde manuell beendet
30.06.2016 11:42 smecke:	Anwendung wurde manuell beendet
30.06.2016 11:43 smecke:	Anwendung wurde aufgrund des überschreiten der Bearbeitungsdauer beendet
30.06.2016 11:45 smecke:	Anwendung wurde aufgrund des überschreiten der Bearbeitungsdauer beendet
30.06.2016 11:45 smecke:	Anwendung wurde aufgrund des überschreiten der Bearbeitungsdauer beendet
30.06.2016 11:45 smecke:	Anwendung wurde manuell beendet
30.06.2016 11:45 smecke:	Anwendung wurde manuell beendet
30.06.2016 12:03 smecke:	Anwendung wurde manuell beendet
04.07.2016 13:33 smecke:	Anwendung wurde manuell beendet
04.07.2016 13:39 smecke:	Anwendung wurde manuell beendet
04.07.2016 13:40 smecke:	Anwendung wurde manuell beendet
04.07.2016 13:40 smecke:	Anwendung wurde manuell beendet
04.07.2016 13:42 smecke:	Anwendung wurde manuell beendet
04.07.2016 13:43 smecke:	Anwendung wurde manuell beendet
04.07.2016 13:44 smecke:	Anwendung wurde manuell beendet
04.07.2016 13:45 smecke:	Anwendung wurde manuell beendet
04.07.2016 13:45 smecke:	Anwendung wurde manuell beendet
04.07.2016 13:51 smecke:	Anwendung wurde manuell beendet
04.07.2016 13:56 smecke:	Anwendung wurde manuell beendet
04.07.2016 13:56 smecke:	Anwendung wurde manuell beendet
04.07.2016 13:56 smecke:	Anwendung wurde manuell beendet
04.07.2016 14:00 smecke:	Anwendung wurde manuell beendet
04.07.2016 14:00 smecke:	Anwendung wurde manuell beendet
04.07.2016 14:01 smecke:	Anwendung wurde manuell beendet
04.07.2016 14:19 smecke:	Anwendung wurde aufgrund des überschreiten der Bearbeitungsdauer beendet
04.07.2016 14:21 smecke:	Das Paket AMS_AssetCenter_5.01 wurde für den Rechner zitpcx22536 freigeschaltet
04.07.2016 14:22 smecke:	Anwendung wurde manuell beendet
04.07.2016 14:23 smecke:	Das Paket [ACAD_Mech_2012_CADBAS_de] wurde für den Rechner zitpcx22535 gelöscht
04.07.2016 14:23 smecke:	Anwendung wurde manuell beendet
04.07.2016 14:23 smecke:	Das Paket [ACAD_Mech_2012_CADBAS_de] wurde für den Rechner zitpcx22535 gelöscht
04.07.2016 14:27 smecke:	Anwendung wurde manuell beendet
04.07.2016 14:27 smecke:	Anwendung wurde manuell beendet
04.07.2016 14:27 smecke:	Das Paket [ACAD_Mech_2012_CADBAS_tst_de] wurde für den Rechner zitpcx22535 gelöscht
04.07.2016 14:30 smecke:	Anwendung wurde manuell beendet
04.07.2016 14:30 smecke:	Das Paket GinfoMobil wurde für den Rechner zitpcx22535 freigeschaltet
04.07.2016 14:31 smecke:	Das Paket [GinfoMobil] wurde für den Rechner zitpcx22535 gelöscht
04.07.2016 14:31 smecke:	Anwendung wurde manuell beendet
04.07.2016 14:33 smecke:	Das Paket GinfoMobil wurde für den Rechner zitpcx22535 freigeschaltet
04.07.2016 14:33 smecke:	Das Paket [GinfoMobil] wurde für den Rechner zitpcx22535 gelöscht
04.07.2016 14:35 smecke:	Anwendung wurde manuell beendet
04.07.2016 14:37 smecke:	Das Paket GinfoMobil wurde für den Rechner zitpcx22535 freigeschaltet
04.07.2016 14:37 smecke:	Das Paket [GinfoMobil] wurde für den Rechner zitpcx22535 gelöscht
04.07.2016 14:40 smecke:	Anwendung wurde manuell beendet
04.07.2016 14:42 smecke:	Das Paket [GinfoMobil] wurde für den Rechner zitpcx22535 gelöscht
04.07.2016 14:43 smecke:	Das Paket GinfoMobil wurde für den Rechner zitpcx22535 freigeschaltet
04.07.2016 14:43 smecke:	Das Paket [GinfoMobil] wurde für den Rechner zitpcx22535 gelöscht
04.07.2016 14:43 smecke:	Das Paket GinfoMobil wurde für den Rechner zitpcx22535 freigeschaltet
04.07.2016 14:43 smecke:	Das Paket ACAD_Mech_2012_CADBAS_de wurde für den Rechner zitpcx22535 freigeschaltet
04.07.2016 14:44 smecke:	Das Paket GinfoMobil wurde für den Rechner zit freigeschaltet
04.07.2016 14:44 smecke:	Das Paket [GinfoMobil] wurde für den Rechner zit gelöscht
04.07.2016 14:44 smecke:	Anwendung wurde manuell beendet
04.07.2016 14:46 smecke:	Das Paket ACAD_Mech_2012_CADBAS_tst_de wurde für den Rechner zitpcx22535 freigeschaltet
04.07.2016 14:46 smecke:	Das Paket ACAD_Mech_2012_DESY_de wurde für den Rechner zitpcx22535 freigeschaltet
04.07.2016 14:46 smecke:	Das Paket ACAD_Mech_2012_DESY_en wurde für den Rechner zitpcx22535 freigeschaltet
04.07.2016 14:46 smecke:	Das Paket BauCADBauwesen wurde für den Rechner zitpcx22535 freigeschaltet
04.07.2016 14:46 smecke:	Das Paket BauCADIT wurde für den Rechner zitpcx22535 freigeschaltet
04.07.2016 14:46 smecke:	Das Paket BauCADSicherheit wurde für den Rechner zitpcx22535 freigeschaltet
04.07.2016 14:46 smecke:	Das Paket BauCADTGA wurde für den Rechner zitpcx22535 freigeschaltet
04.07.2016 14:46 smecke:	Das Paket [ACAD_Mech_2012_CADBAS_de] wurde für den Rechner zitpcx22535 gelöscht
04.07.2016 14:47 smecke:	Das Paket [ACAD_Mech_2012_DESY_de] wurde für den Rechner zitpcx22535 gelöscht
04.07.2016 14:47 smecke:	Das Paket [ACAD_Mech_2012_DESY_en] wurde für den Rechner zitpcx22535 gelöscht
04.07.2016 14:47 smecke:	Das Paket [ACAD_Mech_2012_CADBAS_tst_de] wurde für den Rechner zitpcx22535 gelöscht
04.07.2016 14:48 smecke:	Das Paket [GinfoMobil] wurde für den Rechner zitpcx22535 gelöscht
04.07.2016 14:49 smecke:	Das Paket [BauCADTGA] wurde für den Rechner zitpcx22535 gelöscht
04.07.2016 14:49 smecke:	Das Paket [BauCADBauwesen] wurde für den Rechner zitpcx22535 gelöscht
04.07.2016 14:49 smecke:	Das Paket [BauCADIT] wurde für den Rechner zitpcx22535 gelöscht
04.07.2016 14:49 smecke:	Das Paket [BauCADSicherheit] wurde für den Rechner zitpcx22535 gelöscht
04.07.2016 14:49 smecke:	Anwendung wurde manuell beendet
04.07.2016 15:07 smecke:	Das Paket ACAD_Mech_2012_CADBAS_de wurde für den Rechner zitpcx22535 freigeschaltet
04.07.2016 15:07 smecke:	Das Paket [ACAD_Mech_2012_CADBAS_de] wurde für den Rechner zitpcx22535 gelöscht
04.07.2016 15:13 smecke:	Anwendung wurde manuell beendet
04.07.2016 15:13 smecke:	Anwendung wurde manuell beendet
04.07.2016 15:14 smecke:	Das Paket E3.series (de) wurde für den Rechner zitpcx22535 freigeschaltet
04.07.2016 15:14 smecke:	Das Paket [E3.series (de)] wurde für den Rechner zitpcx22535 wurde auf den Rechner zitpcx22536 übertragen und der alte Eintrag auskommentiert
04.07.2016 15:15 smecke:	Das Paket [E3.series (de)] wurde für den Rechner mpskropmannsa wurde auf den Rechner zitpcx22535 übertragen und der alte Eintrag auskommentiert
04.07.2016 15:16 smecke:	Anwendung wurde manuell beendet
04.07.2016 15:34 smecke:	Anwendung wurde manuell beendet
04.07.2016 15:35 smecke:	Anwendung wurde manuell beendet
04.07.2016 15:36 smecke:	Anwendung wurde manuell beendet
05.07.2016 08:38 smecke:	Anwendung wurde manuell beendet
05.07.2016 08:40 smecke:	Anwendung wurde manuell beendet
05.07.2016 08:42 smecke:	Anwendung wurde manuell beendet
05.07.2016 08:45 smecke:	Anwendung wurde manuell beendet
05.07.2016 08:46 smecke:	Anwendung wurde manuell beendet
05.07.2016 08:46 smecke:	Anwendung wurde aufgrund des überschreiten der Bearbeitungsdauer beendet
05.07.2016 08:47 smecke:	Anwendung wurde aufgrund des überschreiten der Bearbeitungsdauer beendet
05.07.2016 08:49 smecke:	Anwendung wurde manuell beendet
05.07.2016 08:50 smecke:	Anwendung wurde manuell beendet
05.07.2016 08:50 smecke:	Anwendung wurde manuell beendet
05.07.2016 08:50 smecke:	Anwendung wurde manuell beendet
05.07.2016 08:50 smecke:	Anwendung wurde manuell beendet
05.07.2016 08:51 smecke:	Anwendung wurde manuell beendet
05.07.2016 09:23 smecke:	Anwendung wurde manuell beendet
05.07.2016 09:26 smecke:	Anwendung wurde manuell beendet
05.07.2016 09:27 smecke:	Anwendung wurde manuell beendet
05.07.2016 10:10 smecke:	Anwendung wurde manuell beendet
05.07.2016 10:11 smecke:	Anwendung wurde manuell beendet
05.07.2016 10:11 smecke:	Anwendung wurde manuell beendet
05.07.2016 10:13 smecke:	Anwendung wurde manuell beendet
05.07.2016 10:17 smecke:	Anwendung wurde manuell beendet
05.07.2016 10:36 smecke:	Anwendung wurde manuell beendet
05.07.2016 10:36 smecke:	Anwendung wurde manuell beendet
05.07.2016 10:39 smecke:	Anwendung wurde manuell beendet
05.07.2016 10:40 smecke:	Anwendung wurde manuell beendet
05.07.2016 11:11 smecke:	Anwendung wurde aufgrund des überschreiten der Bearbeitungsdauer beendet
05.07.2016 11:45 smecke:	Anwendung wurde manuell beendet
05.07.2016 14:54 smecke:	Anwendung wurde aufgrund des überschreiten der Bearbeitungsdauer beendet
06.07.2016 10:44 smecke:	Das Paket AMS_AssetCenter_5.01 wurde für den Rechner zitpcx22535 freigeschaltet
06.07.2016 10:45 smecke:	Das Paket [AMS_AssetCenter_5.01] wurde für den Rechner zitpcx22535 gelöscht
06.07.2016 10:45 smecke:	Anwendung wurde manuell beendet
06.07.2016 10:48 smecke:	Das Paket AMS_AssetCenter_5.01 wurde für den Rechner zitpcx22535 freigeschaltet
06.07.2016 10:49 smecke:	Das Paket AdressPLUS wurde für den Rechner zitpcx22535 freigeschaltet
06.07.2016 10:49 smecke:	Das Paket [AMS_AssetCenter_5.01] wurde für den Rechner zitpcx22535 wurde auf den Rechner zitpcx22536 übertragen und der alte Eintrag auskommentiert
06.07.2016 10:49 smecke:	Das Paket [AdressPLUS] wurde für den Rechner zitpcx22535 gelöscht
06.07.2016 10:49 smecke:	Anwendung wurde manuell beendet
06.07.2016 10:50 smecke:	Das Paket AMS_AssetCenter_5.01 wurde für den Rechner zitpcx22535 freigeschaltet
06.07.2016 10:51 smecke:	Das Paket [AMS_AssetCenter_5.01] wurde für den Rechner zitpcx22535 gelöscht
06.07.2016 10:51 smecke:	Anwendung wurde manuell beendet
06.07.2016 11:00 smecke:	Anwendung wurde manuell beendet
06.07.2016 14:10 smecke:	Anwendung wurde manuell beendet
08.07.2016 10:19 smecke:	Anwendung wurde manuell beendet
25.07.2016 08:24 smecke:	Anwendung wurde manuell beendet
25.07.2016 08:27 smecke:	Anwendung wurde manuell beendet
25.07.2016 08:36 smecke:	Anwendung wurde manuell beendet
25.07.2016 08:38 smecke:	Anwendung wurde manuell beendet
25.07.2016 10:07 smecke:	Anwendung wurde manuell beendet
25.07.2016 10:08 smecke:	Anwendung wurde manuell beendet
25.07.2016 10:22 smecke:	Anwendung wurde manuell beendet
25.07.2016 14:58 smecke:	Anwendung wurde manuell beendet
25.07.2016 14:59 smecke:	Anwendung wurde manuell beendet
25.07.2016 14:59 smecke:	Anwendung wurde manuell beendet
25.07.2016 14:59 smecke:	Anwendung wurde manuell beendet
25.07.2016 15:00 smecke:	Anwendung wurde manuell beendet
25.07.2016 15:00 smecke:	Anwendung wurde manuell beendet
27.07.2016 14:43 smecke:	Das Paket AMS_AssetCenter_5.01 wurde für den Rechner zitpcx22535 freigeschaltet
27.07.2016 14:43 smecke:	Das Paket [AMS_AssetCenter_5.01] wurde für den Rechner zitpcx22535 gelöscht
27.07.2016 14:43 smecke:	Anwendung wurde manuell beendet
28.07.2016 09:36 smecke:	Anwendung wurde manuell beendet
28.07.2016 09:36 smecke:	Anwendung wurde manuell beendet
28.07.2016 09:41 smecke:	Anwendung wurde manuell beendet
28.07.2016 09:45 smecke:	Das Paket AMS_AssetCenter_5.01 wurde für den Rechner zitpcx22535 freigeschaltet
28.07.2016 09:52 smecke:	Anwendung wurde manuell beendet
28.07.2016 09:54 smecke:	Anwendung wurde manuell beendet
28.07.2016 09:57 smecke:	Anwendung wurde manuell beendet
28.07.2016 09:57 smecke:	Anwendung wurde manuell beendet
28.07.2016 09:58 smecke:	Das Paket [AMS_AssetCenter_5.01] wurde für den Rechner zitpcx22535 wurde auf den Rechner zitpcx22536 übertragen und der alte Eintrag auskommentiert
28.07.2016 09:58 smecke:	Das Paket [AMS_AssetCenter_5.01] wurde für den Rechner zitpcx22536 gelöscht
28.07.2016 09:58 smecke:	Anwendung wurde manuell beendet
28.07.2016 10:06 smecke:	Das Paket AMS_AssetCenter_5.01 wurde für den Rechner zitpcx22535 freigeschaltet
28.07.2016 10:07 smecke:	Anwendung wurde manuell beendet
28.07.2016 10:07 smecke:	Das Paket [AMS_AssetCenter_5.01] wurde für den Rechner zitpcx22535 wurde auf den Rechner efzge übertragen und der alte Eintrag auskommentiert
28.07.2016 10:09 smecke:	Anwendung wurde manuell beendet
28.07.2016 15:57 smecke:	Anwendung wurde manuell beendet
29.07.2016 12:57 smecke:	Anwendung wurde manuell beendet
03.08.2016 08:49 smecke:	Anwendung wurde manuell beendet
03.08.2016 08:49 smecke:	Anwendung wurde manuell beendet
03.08.2016 08:49 smecke:	Anwendung wurde manuell beendet
03.08.2016 09:21 smecke:	Anwendung wurde manuell beendet
03.08.2016 09:21 smecke:	Anwendung wurde manuell beendet
03.08.2016 09:21 smecke:	Anwendung wurde manuell beendet
03.08.2016 09:21 smecke:	Anwendung wurde manuell beendet
03.08.2016 09:21 smecke:	Anwendung wurde manuell beendet
03.08.2016 09:22 smecke:	Anwendung wurde manuell beendet
03.08.2016 09:23 smecke:	Anwendung wurde manuell beendet
03.08.2016 09:23 smecke:	Anwendung wurde manuell beendet
03.08.2016 13:30 smecke:	Anwendung wurde manuell beendet
03.08.2016 13:30 smecke:	Anwendung wurde manuell beendet
03.08.2016 13:46 smecke:	Anwendung wurde manuell beendet
03.08.2016 13:57 smecke:	Das Paket AMS_AssetCenter_5.01 wurde für den Rechner zitpcx22535 freigeschaltet
03.08.2016 14:00 smecke:	Anwendung wurde manuell beendet
03.08.2016 14:20 smecke:	Das Paket AMS_AssetCenter_5.01 wurde für den Rechner zitpcx22535 freigeschaltet
03.08.2016 14:21 smecke:	Anwendung wurde manuell beendet
03.08.2016 14:22 smecke:	Anwendung wurde manuell beendet
03.08.2016 14:22 smecke:	Das Paket AMS_AssetCenter_5.01 wurde für den Rechner zitpcx22535 freigeschaltet
03.08.2016 14:23 smecke:	Anwendung wurde manuell beendet
03.08.2016 14:23 smecke:	Das Paket AMS_AssetCenter_5.01 wurde für den Rechner zitpcx22535 freigeschaltet
03.08.2016 14:26 smecke:	Anwendung wurde manuell beendet
03.08.2016 14:26 smecke:	Anwendung wurde manuell beendet
03.08.2016 14:27 smecke:	Das Paket AMS_AssetCenter_5.01 wurde für den Rechner zitpcx22535 freigeschaltet
03.08.2016 14:27 smecke:	Anwendung wurde manuell beendet
03.08.2016 14:33 smecke:	Anwendung wurde manuell beendet
03.08.2016 14:34 smecke:	Das Paket AMS_AssetCenter_5.01 wurde für den Rechner zitpcx22535 freigeschaltet
03.08.2016 14:35 smecke:	Anwendung wurde manuell beendet
03.08.2016 14:35 smecke:	Das Paket AMS_AssetCenter_5.01 wurde für den Rechner zitpcx22535 freigeschaltet
03.08.2016 14:36 smecke:	Das Paket AdressPLUS wurde für den Rechner zitpcx22535 freigeschaltet
03.08.2016 14:37 smecke:	Das Paket [AdressPLUS] wurde für den Rechner zitpcx22535 gelöscht
03.08.2016 14:37 smecke:	Das Paket [PrjPro2007] wurde für den Rechner zitpcx22535 gelöscht
03.08.2016 14:38 smecke:	Anwendung wurde manuell beendet
03.08.2016 14:38 smecke:	Das Paket AMS_AssetCenter_5.01 wurde für den Rechner zitpcx22535 freigeschaltet
03.08.2016 14:42 smecke:	Anwendung wurde manuell beendet
03.08.2016 14:42 smecke:	Das Paket AMS_AssetCenter_5.01 wurde für den Rechner zitpcx22535 freigeschaltet
03.08.2016 14:43 smecke:	Anwendung wurde manuell beendet
03.08.2016 14:43 smecke:	Das Paket AMS_AssetCenter_5.01 wurde für den Rechner zitpcx22535 freigeschaltet
03.08.2016 14:44 smecke:	Das Paket AMS_AssetCenter_5.01 wurde für den Rechner zitpcx22535 freigeschaltet
03.08.2016 14:45 smecke:	Anwendung wurde manuell beendet
03.08.2016 14:45 smecke:	Das Paket AMS_AssetCenter_5.01 wurde für den Rechner zitpcx22535 freigeschaltet
03.08.2016 14:47 smecke:	Das Paket AMS_AssetCenter_5.01 wurde für den Rechner zitpcx22535 freigeschaltet
03.08.2016 14:52 smecke:	Anwendung wurde manuell beendet
03.08.2016 14:53 smecke:	Das Paket AMS_AssetCenter_5.01 wurde für den Rechner zitpcx22535 freigeschaltet
03.08.2016 14:53 smecke:	Anwendung wurde manuell beendet
03.08.2016 14:54 smecke:	Das Paket AMS_AssetCenter_5.01 wurde für den Rechner zitpcx22535 freigeschaltet
03.08.2016 15:00 smecke:	Das Paket AMS_AssetCenter_5.01 wurde für den Rechner zitpcx22535 freigeschaltet
03.08.2016 15:12 smecke:	Anwendung wurde manuell beendet
03.08.2016 15:13 smecke:	Das Paket AMS_AssetCenter_5.01 wurde für den Rechner zitpcx22535 freigeschaltet
03.08.2016 15:14 smecke:	Anwendung wurde manuell beendet
03.08.2016 15:15 smecke:	Das Paket AMS_AssetCenter_5.01 wurde für den Rechner zitpcx22535 freigeschaltet
03.08.2016 15:18 smecke:	Anwendung wurde manuell beendet
03.08.2016 15:18 smecke:	Das Paket AMS_AssetCenter_5.01 wurde für den Rechner zitpcx22535 freigeschaltet
03.08.2016 15:19 smecke:	Anwendung wurde manuell beendet
03.08.2016 15:19 smecke:	Das Paket AMS_AssetCenter_5.01 wurde für den Rechner zitpcx22535 freigeschaltet
03.08.2016 15:20 smecke:	Anwendung wurde manuell beendet
03.08.2016 15:21 smecke:	Das Paket AMS_AssetCenter_5.01 wurde für den Rechner zitpcx22535 freigeschaltet
03.08.2016 15:36 smecke:	Anwendung wurde aufgrund des überschreiten der Bearbeitungsdauer beendet
04.08.2016 09:04 smecke:	Das Paket AMS_AssetCenter_5.01 wurde für den Rechner zitpcx22535 freigeschaltet
04.08.2016 09:07 smecke:	Anwendung wurde manuell beendet
04.08.2016 09:07 smecke:	Das Paket AMS_AssetCenter_5.01 wurde für den Rechner zitpcx22535 freigeschaltet
04.08.2016 09:07 smecke:	Anwendung wurde manuell beendet
04.08.2016 09:08 smecke:	Das Paket AMS_AssetCenter_5.01 wurde für den Rechner zitpcx22535 freigeschaltet
04.08.2016 09:12 smecke:	Anwendung wurde manuell beendet
04.08.2016 09:15 smecke:	Das Paket AMS_AssetCenter_5.01 wurde für den Rechner zitpcx22535 freigeschaltet
04.08.2016 09:17 smecke:	Anwendung wurde manuell beendet
04.08.2016 09:18 smecke:	Das Paket AMS_AssetCenter_5.01 wurde für den Rechner zitpcx22535 freigeschaltet
04.08.2016 09:20 smecke:	Anwendung wurde manuell beendet
04.08.2016 09:21 smecke:	Das Paket AMS_AssetCenter_5.01 wurde für den Rechner zitpcx22535 freigeschaltet
04.08.2016 09:22 smecke:	Anwendung wurde manuell beendet
04.08.2016 09:23 smecke:	Das Paket AMS_AssetCenter_5.01 wurde für den Rechner zitpcx22535 freigeschaltet
04.08.2016 09:24 smecke:	Das Paket AMS_AssetCenter_5.01 wurde für den Rechner zitpcx22535 freigeschaltet
04.08.2016 09:26 smecke:	Anwendung wurde manuell beendet
04.08.2016 09:28 smecke:	Anwendung wurde manuell beendet
04.08.2016 09:43 smecke:	Anwendung wurde aufgrund des überschreiten der Bearbeitungsdauer beendet
04.08.2016 09:45 smecke:	Das Paket E3.series (de) wurde für den Rechner zitpcx22535 freigeschaltet
04.08.2016 09:45 smecke:	Das Paket [E3.series (de)] wurde für den Rechner zitpcx22535 gelöscht
04.08.2016 09:46 smecke:	Das Paket E3.series (de) wurde für den Rechner zitpcx22535 freigeschaltet
04.08.2016 09:46 smecke:	Das Paket [PrjPro2007] wurde für den Rechner zitpcx22535 gelöscht
04.08.2016 09:46 smecke:	Das Paket [E3.series (de)] wurde für den Rechner zitpcx22535 gelöscht
04.08.2016 09:49 smecke:	Anwendung wurde manuell beendet
04.08.2016 09:50 smecke:	Das Paket E3.series (de) wurde für den Rechner zitpcx22535 freigeschaltet
04.08.2016 09:56 smecke:	Anwendung wurde manuell beendet
04.08.2016 09:56 smecke:	Das Paket [PrjPro2007] wurde für den Rechner zitpcx22535 gelöscht
04.08.2016 09:56 smecke:	Das Paket [E3.series (de)] wurde für den Rechner zitpcx22535 gelöscht
04.08.2016 09:56 smecke:	Das Paket [AMS_AssetCenter_5.01] wurde für den Rechner zitpcx22535 gelöscht
04.08.2016 09:57 smecke:	Das Paket AdressPLUS wurde für den Rechner zitpcx22535 freigeschaltet
04.08.2016 09:57 smecke:	Das Paket [AdressPLUS] wurde für den Rechner zitpcx22535 gelöscht
04.08.2016 09:58 smecke:	Das Paket AdressPLUS wurde für den Rechner zitpcx22535 freigeschaltet
04.08.2016 09:59 smecke:	Das Paket Machine Control Zeuthen wurde für den Rechner zitpcx22535 freigeschaltet
04.08.2016 09:59 smecke:	Das Paket [PrjPro2007] wurde für den Rechner zitpcx22535 gelöscht
04.08.2016 09:59 smecke:	Das Paket [Machine Control Zeuthen] wurde für den Rechner zitpcx22535 gelöscht
04.08.2016 09:59 smecke:	Das Paket [AdressPLUS] wurde für den Rechner zitpcx22535 gelöscht
04.08.2016 09:59 smecke:	Das Paket [Adobe Acrobat DC (de/en)] wurde für den Rechner zitpcx22535 gelöscht
04.08.2016 10:09 smecke:	Anwendung wurde manuell beendet
04.08.2016 10:11 smecke:	Anwendung wurde manuell beendet
04.08.2016 10:24 smecke:	Das Paket [Cisco IP Communicator 2.0.1.1 (de)] wurde für den Rechner zitpcx22535 gelöscht
04.08.2016 10:24 smecke:	Das Paket AMS_AssetCenter_5.01 wurde für den Rechner zitpcx22535 freigeschaltet
04.08.2016 10:24 smecke:	Das Paket [AMS_AssetCenter_5.01] wurde für den Rechner zitpcx22535 gelöscht
04.08.2016 10:24 smecke:	Das Paket AMS_AssetCenter_5.01 wurde für den Rechner zitpcx22535 freigeschaltet
04.08.2016 10:25 smecke:	Das Paket [Cisco IP Communicator 2.0.1.1 (de)] wurde für den Rechner zitpcx22535 gelöscht
04.08.2016 10:25 smecke:	Anwendung wurde manuell beendet
04.08.2016 10:33 smecke:	Das Paket AMS_AssetCenter_5.01 wurde für den Rechner zitpcx22535 freigeschaltet
04.08.2016 10:35 smecke:	Anwendung wurde manuell beendet
04.08.2016 10:40 smecke:	Anwendung wurde manuell beendet
04.08.2016 10:41 smecke:	Das Paket [AMS_AssetCenter_5.01] wurde für den Rechner zitpcx22535 gelöscht
04.08.2016 10:43 smecke:	Anwendung wurde manuell beendet
04.08.2016 10:43 smecke:	Das Paket AMS_AssetCenter_5.01 wurde für den Rechner zitpcx22535 freigeschaltet
04.08.2016 10:45 smecke:	Anwendung wurde manuell beendet
04.08.2016 10:45 smecke:	Das Paket AMS_AssetCenter_5.01 wurde für den Rechner zitpcx22535 freigeschaltet
04.08.2016 11:02 smecke:	Anwendung wurde aufgrund des überschreiten der Bearbeitungsdauer beendet
04.08.2016 12:55 smecke:	Das Paket AMS_AssetCenter_5.01 wurde für den Rechner zitpcx22535 freigeschaltet
04.08.2016 12:56 smecke:	Anwendung wurde manuell beendet
04.08.2016 13:12 smecke:	Das Paket AMS_AssetCenter_5.01 wurde für den Rechner zitpcx22535 freigeschaltet
04.08.2016 13:13 smecke:	Das Paket AMS_AssetCenter_5.01 wurde für den Rechner zitpcx22535 freigeschaltet
04.08.2016 13:19 smecke:	Anwendung wurde manuell beendet
04.08.2016 13:20 smecke:	Anwendung wurde manuell beendet
04.08.2016 13:21 smecke:	Das Paket PrjPro2007 wurde für den Rechner zitpcx22535 freigeschaltet
04.08.2016 13:22 smecke:	Anwendung wurde manuell beendet
04.08.2016 13:22 smecke:	Anwendung wurde manuell beendet
04.08.2016 13:24 smecke:	Anwendung wurde manuell beendet
04.08.2016 13:25 smecke:	Anwendung wurde manuell beendet
04.08.2016 13:25 smecke:	Anwendung wurde manuell beendet
04.08.2016 13:27 smecke:	Anwendung wurde manuell beendet
04.08.2016 13:30 smecke:	Anwendung wurde manuell beendet
04.08.2016 13:30 smecke:	Anwendung wurde manuell beendet
04.08.2016 13:34 smecke:	Das Paket [PrjPro2007] wurde für den Rechner zitpcx22535 gelöscht
04.08.2016 13:34 smecke:	Das Paket [PrjPro2007] wurde für den Rechner mkslap66 gelöscht
04.08.2016 13:35 smecke:	Das Paket AMS_AssetCenter_5.01 wurde für den Rechner zitpcx22535 freigeschaltet
04.08.2016 13:37 smecke:	Anwendung wurde manuell beendet
04.08.2016 13:39 smecke:	Das Paket [AMS_AssetCenter_5.01] wurde für den Rechner zitpcx22535 wurde auf den Rechner zitpcx22536 übertragen und der alte Eintrag auskommentiert
04.08.2016 13:40 smecke:	Das Paket [Cisco IP Communicator 2.0.1.1 (de)] wurde für den Rechner zitpcx22535 gelöscht
04.08.2016 13:40 smecke:	Das Paket AMS_AssetCenter_5.01 wurde für den Rechner zitpcx22535 freigeschaltet
04.08.2016 13:44 smecke:	Das Paket AdressPLUS wurde für den Rechner zitpcx22535 freigeschaltet
04.08.2016 13:44 smecke:	Das Paket [AdressPLUS] wurde für den Rechner zitpcx22535 gelöscht
04.08.2016 13:45 smecke:	Das Paket Cisco IP Communicator 2.0.1.1 (de) wurde für den Rechner zitpcx22535 freigeschaltet
04.08.2016 13:46 smecke:	Anwendung wurde manuell beendet
04.08.2016 13:47 smecke:	Das Paket [AMS_AssetCenter_5.01] wurde für den Rechner zitpcx22535 gelöscht
04.08.2016 13:47 smecke:	Das Paket AMS_AssetCenter_5.01 wurde für den Rechner zitpcx22535 freigeschaltet
04.08.2016 13:47 smecke:	Das Paket AMS_AssetCenter_5.01 wurde für den Rechner zitpcx22535 freigeschaltet
04.08.2016 13:49 smecke:	Anwendung wurde manuell beendet
04.08.2016 13:49 smecke:	Anwendung wurde manuell beendet
04.08.2016 13:53 smecke:	Anwendung wurde manuell beendet
04.08.2016 13:54 smecke:	Anwendung wurde manuell beendet
04.08.2016 13:57 smecke:	Anwendung wurde manuell beendet
04.08.2016 13:58 smecke:	Anwendung wurde manuell beendet
04.08.2016 14:00 smecke:	Anwendung wurde manuell beendet
04.08.2016 14:01 smecke:	Das Paket E3.series (de) wurde für den Rechner zitpcx22535 freigeschaltet
04.08.2016 14:01 smecke:	Das Paket [E3.series (de)] wurde für den Rechner zitpcx22535 gelöscht
04.08.2016 14:01 smecke:	Das Paket [PrjPro2007] wurde für den Rechner zitpcx22535 wurde auf den Rechner asdf übertragen und der alte Eintrag auskommentiert
04.08.2016 14:01 smecke:	Das Paket Cisco IP Communicator 2.0.1.1 (de) wurde für den Rechner zitpcx22535 freigeschaltet
04.08.2016 14:03 smecke:	Anwendung wurde manuell beendet
04.08.2016 14:50 smecke:	Das Paket AMS_AssetCenter_5.01 wurde für den Rechner zitpcx22535 freigeschaltet
04.08.2016 14:59 smecke:	Anwendung wurde manuell beendet
04.08.2016 15:01 smecke:	Anwendung wurde manuell beendet
04.08.2016 15:02 smecke:	Anwendung wurde manuell beendet
04.08.2016 15:02 smecke:	Anwendung wurde manuell beendet
04.08.2016 15:03 smecke:	Anwendung wurde manuell beendet
04.08.2016 15:06 smecke:	Das Paket [AMS_AssetCenter_5.01] wurde für den Rechner zitpcx22535 gelöscht
04.08.2016 15:07 smecke:	Anwendung wurde manuell beendet
08.08.2016 11:11 smecke:	Anwendung wurde manuell beendet
08.08.2016 11:14 smecke:	Anwendung wurde manuell beendet
08.08.2016 11:14 smecke:	Anwendung wurde manuell beendet
08.08.2016 11:15 smecke:	Anwendung wurde manuell beendet
08.08.2016 13:00 smecke:	Anwendung wurde manuell beendet
08.08.2016 13:00 smecke:	Anwendung wurde manuell beendet
08.08.2016 13:01 smecke:	Anwendung wurde manuell beendet
08.08.2016 13:02 smecke:	Anwendung wurde manuell beendet
08.08.2016 13:02 smecke:	Anwendung wurde manuell beendet
08.08.2016 13:03 smecke:	Anwendung wurde manuell beendet
08.08.2016 13:03 smecke:	Anwendung wurde manuell beendet
08.08.2016 13:03 smecke:	Anwendung wurde manuell beendet
08.08.2016 13:03 smecke:	Anwendung wurde manuell beendet
08.08.2016 13:05 smecke:	Anwendung wurde manuell beendet
08.08.2016 13:06 smecke:	Anwendung wurde manuell beendet
08.08.2016 13:06 smecke:	Anwendung wurde manuell beendet
08.08.2016 13:06 smecke:	Anwendung wurde manuell beendet
08.08.2016 13:07 smecke:	Anwendung wurde manuell beendet
08.08.2016 13:08 smecke:	Anwendung wurde manuell beendet
08.08.2016 13:08 smecke:	Anwendung wurde manuell beendet
08.08.2016 14:30 smecke:	Anwendung wurde manuell beendet
08.08.2016 14:30 smecke:	Anwendung wurde manuell beendet
08.08.2016 14:31 smecke:	Das Paket AMS_AssetCenter_5.01 wurde für den Rechner zitpcx22536 freigeschaltet
08.08.2016 14:31 smecke:	Das Paket AMS_AssetCenter_5.01 wurde für den Rechner zitpcx22535 freigeschaltet
08.08.2016 14:32 smecke:	Das Paket [AMS_AssetCenter_5.01] wurde für den Rechner zitpcx22535 wurde auf den Rechner zitpcx22536 übertragen und der alte Eintrag auskommentiert
08.08.2016 14:32 smecke:	Das Paket [Cisco IP Communicator 2.0.1.1 (de)] wurde für den Rechner zitpcx22535 wurde auf den Rechner zitpcx22535 übertragen und der alte Eintrag auskommentiert
08.08.2016 14:32 smecke:	Anwendung wurde manuell beendet
08.08.2016 14:39 smecke:	Das Paket AMS_AssetCenter_5.01 wurde für den Rechner zitpcx22535 freigeschaltet
08.08.2016 14:40 smecke:	Das Paket AMS_AssetCenter_5.01 wurde für den Rechner zitpcx22536 freigeschaltet
08.08.2016 14:40 smecke:	Das Paket [AMS_AssetCenter_5.01] wurde für den Rechner zitpcx22536 wurde auf den Rechner zitpcx22535 übertragen und der alte Eintrag auskommentiert
08.08.2016 14:41 smecke:	Anwendung wurde manuell beendet
08.08.2016 14:42 smecke:	Das Paket AMS_AssetCenter_5.01 wurde für den Rechner zitpcx22536 freigeschaltet
08.08.2016 14:43 smecke:	Das Paket AMS_AssetCenter_5.01 wurde für den Rechner zitpcx22535 freigeschaltet
08.08.2016 14:43 smecke:	Anwendung wurde manuell beendet
08.08.2016 14:44 smecke:	Anwendung wurde manuell beendet
08.08.2016 14:58 smecke:	Anwendung wurde manuell beendet
08.08.2016 14:59 smecke:	Anwendung wurde manuell beendet
08.08.2016 15:18 smecke:	Anwendung wurde manuell beendet
09.08.2016 09:54 smecke:	Anwendung wurde manuell beendet
09.08.2016 09:55 smecke:	Anwendung wurde manuell beendet
09.08.2016 10:06 smecke:	Anwendung wurde manuell beendet
09.08.2016 10:10 smecke:	Anwendung wurde manuell beendet
09.08.2016 10:10 smecke:	Anwendung wurde manuell beendet
09.08.2016 10:11 smecke:	Anwendung wurde manuell beendet
09.08.2016 10:14 smecke:	Anwendung wurde manuell beendet
09.08.2016 10:15 smecke:	Das Paket AdressPLUS wurde für den Rechner zitpcx22535 freigeschaltet
09.08.2016 10:17 smecke:	Anwendung wurde manuell beendet
09.08.2016 10:18 smecke:	Anwendung wurde manuell beendet
09.08.2016 10:20 smecke:	Anwendung wurde manuell beendet
09.08.2016 10:21 smecke:	Anwendung wurde manuell beendet
09.08.2016 10:23 smecke:	Anwendung wurde manuell beendet
09.08.2016 10:24 smecke:	Das Paket [AdressPLUS] wurde für den Rechner zitpcx22535 gelöscht
09.08.2016 10:24 smecke:	Anwendung wurde manuell beendet
09.08.2016 10:37 smecke:	Das Paket AdressPLUS wurde für den Rechner zitpcx22535 freigeschaltet
09.08.2016 10:38 smecke:	Anwendung wurde manuell beendet
09.08.2016 10:39 smecke:	Das Paket Cisco IP Communicator 2.0.1.1 (de) wurde für den Rechner zitpcx22535 freigeschaltet
09.08.2016 10:41 smecke:	Anwendung wurde manuell beendet
09.08.2016 10:41 smecke:	Das Paket [AMS_AssetCenter_5.01] wurde für den Rechner zitpcx22535 gelöscht
09.08.2016 10:41 smecke:	Das Paket [AdressPLUS] wurde für den Rechner zitpcx22535 gelöscht
09.08.2016 10:41 smecke:	Das Paket [Cisco IP Communicator 2.0.1.1 (de)] wurde für den Rechner zitpcx22535 gelöscht
09.08.2016 10:41 smecke:	Das Paket AMS_AssetCenter_5.01 wurde für den Rechner zitpcx22535 freigeschaltet
09.08.2016 10:42 smecke:	Anwendung wurde manuell beendet
09.08.2016 10:46 smecke:	Anwendung wurde manuell beendet
09.08.2016 10:47 smecke:	Das Paket [AMS_AssetCenter_5.01] wurde für den Rechner zitpcx22536 gelöscht
09.08.2016 10:47 smecke:	Das Paket [AMS_AssetCenter_5.01] wurde für den Rechner zitpcx22535 wurde auf den Rechner zitpcx22536 übertragen und der alte Eintrag auskommentiert
09.08.2016 10:49 smecke:	Anwendung wurde manuell beendet
09.08.2016 10:49 smecke:	Das Paket AMS_AssetCenter_5.01 wurde für den Rechner zitpcx22535 freigeschaltet
09.08.2016 10:49 smecke:	Das Paket [AMS_AssetCenter_5.01] wurde für den Rechner zitpcx22535 gelöscht
09.08.2016 10:49 smecke:	Anwendung wurde manuell beendet
09.08.2016 10:52 smecke:	Anwendung wurde manuell beendet
09.08.2016 10:52 smecke:	Anwendung wurde manuell beendet
09.08.2016 10:52 smecke:	Anwendung wurde manuell beendet
09.08.2016 10:53 smecke:	Anwendung wurde manuell beendet
09.08.2016 10:58 smecke:	Anwendung wurde manuell beendet
09.08.2016 14:32 smecke:	Das Paket AMS_AssetCenter_5.01 wurde für den Rechner zitpcx22535 freigeschaltet
09.08.2016 14:32 smecke:	Das Paket [AMS_AssetCenter_5.01] wurde für den Rechner zitpcx22535 gelöscht
09.08.2016 14:32 smecke:	Das Paket AMS_AssetCenter_5.01 wurde für den Rechner zitpcx22535 freigeschaltet
09.08.2016 14:35 smecke:	Das Paket [AMS_AssetCenter_5.01] wurde für den Rechner zitpcx22535 gelöscht
09.08.2016 14:35 smecke:	Anwendung wurde manuell beendet
09.08.2016 15:38 smecke:	Das Paket AdressPLUS wurde für den Rechner zitpcx22535 freigeschaltet
09.08.2016 15:38 smecke:	Das Paket AMS_AssetCenter_5.01 wurde für den Rechner zitpcx22535 freigeschaltet
09.08.2016 15:40 smecke:	Anwendung wurde manuell beendet
10.08.2016 09:46 smecke:	Anwendung wurde manuell beendet
10.08.2016 09:48 smecke:	Das Paket [AMS_AssetCenter_5.01] wurde für den Rechner zitpcx22535 gelöscht
10.08.2016 09:48 smecke:	Anwendung wurde manuell beendet
10.08.2016 09:49 smecke:	Das Paket [AdressPLUS] wurde für den Rechner zitpcx22535 gelöscht
10.08.2016 09:50 smecke:	Anwendung wurde manuell beendet
10.08.2016 09:50 smecke:	Das Paket AMS_AssetCenter_5.01 wurde für den Rechner zitpcx22535 freigeschaltet
10.08.2016 09:50 smecke:	Das Paket AdressPLUS wurde für den Rechner zitpcx22535 freigeschaltet
10.08.2016 09:51 smecke:	Das Paket [AMS_AssetCenter_5.01] wurde für den Rechner zitpcx22535 gelöscht
10.08.2016 09:55 smecke:	Anwendung wurde manuell beendet
10.08.2016 09:55 smecke:	Das Paket [AdressPLUS] wurde für den Rechner zitpcx22535 gelöscht
10.08.2016 09:56 smecke:	Anwendung wurde manuell beendet
10.08.2016 09:57 smecke:	Das Paket AMS_AssetCenter_5.01 wurde für den Rechner zitpcx22535 freigeschaltet
10.08.2016 09:57 smecke:	Das Paket [AMS_AssetCenter_5.01] wurde für den Rechner zitpcx22535 gelöscht
10.08.2016 09:57 smecke:	Anwendung wurde manuell beendet
10.08.2016 10:05 smecke:	Das Paket AMS_AssetCenter_5.01 wurde für den Rechner zitpcx22535 freigeschaltet
10.08.2016 10:05 smecke:	Das Paket AdressPLUS wurde für den Rechner zitpcx22535 freigeschaltet
10.08.2016 10:05 smecke:	Das Paket Cisco IP Communicator 2.0.1.1 (de) wurde für den Rechner zitpcx22535 freigeschaltet
10.08.2016 10:05 smecke:	Das Paket E3.series (de) wurde für den Rechner zitpcx22535 freigeschaltet
10.08.2016 10:05 smecke:	Das Paket MS Project 2010 Standard (de/en) wurde für den Rechner zitpcx22535 freigeschaltet
10.08.2016 10:07 smecke:	Das Paket [AdressPLUS] wurde für den Rechner zitpcx22535 wurde auf den Rechner zitpcx22536 übertragen und der alte Eintrag auskommentiert
10.08.2016 10:08 smecke:	Anwendung wurde manuell beendet
10.08.2016 10:10 smecke:	Das Paket [AMS_AssetCenter_5.01] wurde für den Rechner zitpcx22535 gelöscht
10.08.2016 10:10 smecke:	Das Paket [Cisco IP Communicator 2.0.1.1 (de)] wurde für den Rechner zitpcx22535 gelöscht
10.08.2016 10:11 smecke:	Das Paket [E3.series (de)] wurde für den Rechner zitpcx22535 gelöscht
10.08.2016 10:11 smecke:	Das Paket [MS Project 2010 Standard (de/en)] wurde für den Rechner zitpcx22535 gelöscht
10.08.2016 10:11 smecke:	Das Paket AMS_AssetCenter_5.01 wurde für den Rechner zitpcx22535 freigeschaltet
10.08.2016 10:11 smecke:	Das Paket AdressPLUS wurde für den Rechner zitpcx22535 freigeschaltet
10.08.2016 10:11 smecke:	Anwendung wurde manuell beendet
10.08.2016 10:15 smecke:	Anwendung wurde manuell beendet
10.08.2016 10:17 smecke:	Anwendung wurde manuell beendet
10.08.2016 10:19 smecke:	Anwendung wurde manuell beendet
10.08.2016 10:20 smecke:	Anwendung wurde manuell beendet
10.08.2016 10:22 smecke:	Anwendung wurde manuell beendet
10.08.2016 10:23 smecke:	Anwendung wurde manuell beendet
10.08.2016 10:26 smecke:	Anwendung wurde manuell beendet
10.08.2016 10:29 smecke:	Anwendung wurde manuell beendet
10.08.2016 10:32 smecke:	Anwendung wurde manuell beendet
10.08.2016 10:38 smecke:	Anwendung wurde manuell beendet
10.08.2016 10:39 smecke:	Das Paket Cisco IP Communicator 2.0.1.1 (de) wurde für den Rechner zitpcx22535 freigeschaltet
10.08.2016 10:39 smecke:	Das Paket [Cisco IP Communicator 2.0.1.1 (de)] wurde für den Rechner zitpcx22535 wurde auf den Rechner zitpcx22536 übertragen und der alte Eintrag auskommentiert
10.08.2016 10:39 smecke:	Anwendung wurde manuell beendet
10.08.2016 10:40 smecke:	Anwendung wurde manuell beendet
10.08.2016 10:41 smecke:	Anwendung wurde manuell beendet
10.08.2016 10:42 smecke:	Das Paket Cisco IP Communicator 2.0.1.1 (de) wurde für den Rechner zitpcx22535 freigeschaltet
10.08.2016 10:42 smecke:	Anwendung wurde manuell beendet
10.08.2016 10:43 smecke:	Das Paket [Cisco IP Communicator 2.0.1.1 (de)] wurde für den Rechner zitpcx22535 gelöscht
10.08.2016 10:44 smecke:	Anwendung wurde manuell beendet
10.08.2016 10:46 smecke:	Anwendung wurde manuell beendet
10.08.2016 10:47 smecke:	Anwendung wurde manuell beendet
10.08.2016 10:52 smecke:	Anwendung wurde manuell beendet
10.08.2016 10:54 smecke:	Anwendung wurde manuell beendet
10.08.2016 10:56 smecke:	Anwendung wurde manuell beendet
10.08.2016 10:58 smecke:	Anwendung wurde manuell beendet
10.08.2016 10:58 smecke:	Anwendung wurde manuell beendet
10.08.2016 10:59 smecke:	Anwendung wurde manuell beendet
10.08.2016 10:59 smecke:	Anwendung wurde manuell beendet
10.08.2016 11:01 smecke:	Anwendung wurde manuell beendet
10.08.2016 11:03 smecke:	Anwendung wurde manuell beendet
10.08.2016 11:14 smecke:	Anwendung wurde manuell beendet
10.08.2016 11:15 smecke:	Anwendung wurde manuell beendet
10.08.2016 11:16 smecke:	Anwendung wurde manuell beendet
10.08.2016 11:17 smecke:	Anwendung wurde manuell beendet
10.08.2016 11:17 smecke:	Anwendung wurde manuell beendet
10.08.2016 11:18 smecke:	Anwendung wurde manuell beendet
10.08.2016 11:19 smecke:	Anwendung wurde manuell beendet
10.08.2016 11:19 smecke:	Anwendung wurde manuell beendet
10.08.2016 11:20 smecke:	Anwendung wurde manuell beendet
10.08.2016 11:21 smecke:	Anwendung wurde manuell beendet
10.08.2016 11:21 smecke:	Anwendung wurde manuell beendet
10.08.2016 11:23 smecke:	Anwendung wurde manuell beendet
10.08.2016 11:24 smecke:	Anwendung wurde manuell beendet
10.08.2016 11:24 smecke:	Anwendung wurde manuell beendet
10.08.2016 11:25 smecke:	Anwendung wurde manuell beendet
10.08.2016 11:28 smecke:	Anwendung wurde manuell beendet
10.08.2016 11:30 smecke:	Anwendung wurde manuell beendet
10.08.2016 11:44 smecke:	Anwendung wurde manuell beendet
10.08.2016 11:45 smecke:	Das Paket [AMS_AssetCenter_5.01] wurde für den Rechner zitpcx22535 gelöscht
10.08.2016 11:46 smecke:	Das Paket [AdressPLUS] wurde für den Rechner zitpcx22535 gelöscht
10.08.2016 11:56 smecke:	Das Paket AMS_AssetCenter_5.01 wurde für den Rechner zitpcx22535 freigeschaltet
10.08.2016 12:46 smecke:	Anwendung wurde aufgrund des überschreiten der Bearbeitungsdauer beendet
10.08.2016 13:36 smecke:	Anwendung wurde aufgrund des überschreiten der Bearbeitungsdauer beendet
10.08.2016 13:42 smecke:	Anwendung wurde manuell beendet
10.08.2016 13:42 smecke:	Anwendung wurde manuell beendet
10.08.2016 13:48 smecke:	Anwendung wurde manuell beendet
10.08.2016 13:49 smecke:	Anwendung wurde manuell beendet
10.08.2016 13:57 smecke:	Anwendung wurde manuell beendet
10.08.2016 13:57 smecke:	Anwendung wurde manuell beendet
10.08.2016 14:03 smecke:	Anwendung wurde manuell beendet
10.08.2016 14:04 smecke:	Anwendung wurde manuell beendet
10.08.2016 14:06 smecke:	Das Paket [AMS_AssetCenter_5.01] wurde für den Rechner zitpcx22535 wurde auf den Rechner zitpcx225366 übertragen und der alte Eintrag auskommentiert
10.08.2016 14:06 smecke:	Das Paket [AMS_AssetCenter_5.01] wurde für den Rechner zitpcx225366 gelöscht
10.08.2016 14:06 smecke:	Anwendung wurde manuell beendet
10.08.2016 14:36 smecke:	Anwendung wurde manuell beendet
11.08.2016 09:19 smecke:	Anwendung wurde manuell beendet
11.08.2016 10:02 smecke:	Anwendung wurde aufgrund des überschreiten der Bearbeitungsdauer beendet
11.08.2016 10:08 smecke:	Anwendung wurde manuell beendet
11.08.2016 10:31 smecke: 	Anwendung wurde manuell beendet
11.08.2016 11:05 smecke: 	Anwendung wurde aufgrund des überschreiten der Bearbeitungsdauer beendet
11.08.2016 14:25 smecke: 	Anwendung wurde aufgrund des überschreiten der Bearbeitungsdauer beendet
12.08.2016 11:15 smecke: 	Anwendung wurde aufgrund des überschreiten der Bearbeitungsdauer beendet
15.08.2016 11:01 smecke: 	Anwendung wurde manuell beendet
15.08.2016 11:07 smecke: 	Das Paket AMS_AssetCenter_5.01 wurde für den Rechner zitpcx22535 freigeschaltet
15.08.2016 11:25 smecke: 	Anwendung wurde aufgrund des überschreiten der Bearbeitungsdauer beendet
15.08.2016 12:55 smecke: 	Anwendung wurde manuell beendet
15.08.2016 12:55 smecke: 	Anwendung wurde manuell beendet
15.08.2016 12:57 smecke: 	Anwendung wurde manuell beendet
15.08.2016 13:01 smecke: 	Anwendung wurde manuell beendet
15.08.2016 13:01 smecke: 	Anwendung wurde manuell beendet
15.08.2016 13:05 smecke: 	Anwendung wurde manuell beendet
15.08.2016 13:07 smecke: 	Anwendung wurde manuell beendet
15.08.2016 13:08 smecke: 	Anwendung wurde manuell beendet
15.08.2016 13:09 smecke: 	Anwendung wurde manuell beendet
15.08.2016 13:10 smecke: 	Anwendung wurde manuell beendet
15.08.2016 13:15 smecke: 	Anwendung wurde manuell beendet
15.08.2016 13:27 smecke: 	Anwendung wurde manuell beendet
15.08.2016 13:27 smecke: 	Anwendung wurde manuell beendet
15.08.2016 14:14 smecke: 	Anwendung wurde aufgrund des überschreiten der Bearbeitungsdauer beendet
15.08.2016 14:25 smecke: 	Das Paket AdressPLUS wurde für den Rechner zitpcx22535 freigeschaltet
15.08.2016 14:25 smecke: 	Das Paket [AMS_AssetCenter_5.01] wurde für den Rechner zitpcx22535 gelöscht
15.08.2016 14:32 smecke: 	Das Paket [AdressPLUS] wurde für den Rechner zitpcx22535 gelöscht
15.08.2016 14:39 smecke: 	Das Paket AMS_AssetCenter_5.01 wurde für den Rechner zitpcx22535 freigeschaltet
15.08.2016 14:39 smecke: 	Das Paket [AMS_AssetCenter_5.01] wurde für den Rechner zitpcx22536 gelöscht
15.08.2016 14:39 smecke: 	Das Paket [AMS_AssetCenter_5.01] wurde für den Rechner zitpcx22535 wurde auf den Rechner zitpcx22536 übertragen und der alte Eintrag auskommentiert
15.08.2016 14:40 smecke: 	Anwendung wurde manuell beendet
15.08.2016 14:56 smecke: 	Anwendung wurde aufgrund des überschreiten der Bearbeitungsdauer beendet
15.08.2016 15:14 smecke: 	Anwendung wurde aufgrund des überschreiten der Bearbeitungsdauer beendet
16.08.2016 13:35 smecke: 	Anwendung wurde manuell beendet
16.08.2016 13:51 smecke: 	Anwendung wurde manuell beendet
16.08.2016 13:52 smecke: 	Anwendung wurde manuell beendet
16.08.2016 13:53 smecke: 	Anwendung wurde manuell beendet
16.08.2016 13:57 smecke: 	Anwendung wurde manuell beendet
16.08.2016 13:59 smecke: 	Anwendung wurde manuell beendet
16.08.2016 13:59 smecke: 	Anwendung wurde manuell beendet
16.08.2016 14:00 smecke: 	Anwendung wurde manuell beendet
16.08.2016 14:00 smecke: 	Anwendung wurde manuell beendet
16.08.2016 14:02 smecke: 	Anwendung wurde manuell beendet
16.08.2016 14:06 smecke: 	Anwendung wurde manuell beendet
17.08.2016 09:08 smecke: 	Anwendung wurde aufgrund des überschreiten der Bearbeitungsdauer beendet
17.08.2016 09:32 smecke: 	Anwendung wurde aufgrund des überschreiten der Bearbeitungsdauer beendet
17.08.2016 09:36 smecke: 	Das Paket AMS_AssetCenter_5.01 wurde für den Rechner zitpcx22535 freigeschaltet
17.08.2016 09:44 smecke: 	Anwendung wurde manuell beendet
17.08.2016 10:47 smecke: 	Anwendung wurde manuell beendet
17.08.2016 13:11 smecke: 	Anwendung wurde manuell beendet
17.08.2016 13:26 smecke: 	Anwendung wurde manuell beendet
19.08.2016 13:34 smecke: 	Anwendung wurde manuell beendet
19.08.2016 13:34 smecke: 	Anwendung wurde manuell beendet
30.08.2016 14:09 smecke: 	Anwendung wurde manuell beendet
